<?xml version="1.0" encoding="UTF-8"?>
<testsuite xmlns:xsi="http://www.w3.org/2001/XMLSchema-instance" xsi:noNamespaceSchemaLocation="https://maven.apache.org/surefire/maven-surefire-plugin/xsd/surefire-test-report-3.0.xsd" version="3.0" name="Controller.ControllerCustomerTest" time="28.878" tests="6" errors="0" skipped="0" failures="0">
  <properties>
    <property name="java.specification.version" value="17"/>
    <property name="sun.cpu.isalist" value="amd64"/>
    <property name="sun.jnu.encoding" value="Cp1252"/>
    <property name="java.class.path" value="C:\Users\darwin\Documents\NetBeansProjects\mySql-DZ1\target\test-classes;C:\Users\darwin\Documents\NetBeansProjects\mySql-DZ1\target\classes;C:\Users\darwin\.m2\repository\com\toedter\jcalendar\1.4\jcalendar-1.4.jar;C:\Users\darwin\.m2\repository\com\mysql\mysql-connector-j\9.1.0\mysql-connector-j-9.1.0.jar;C:\Users\darwin\.m2\repository\com\google\protobuf\protobuf-java\4.26.1\protobuf-java-4.26.1.jar;C:\Users\darwin\.m2\repository\junit\junit\4.13.2\junit-4.13.2.jar;C:\Users\darwin\.m2\repository\org\hamcrest\hamcrest-core\1.3\hamcrest-core-1.3.jar;C:\Users\darwin\.m2\repository\com\puppycrawl\tools\checkstyle\10.20.2\checkstyle-10.20.2.jar;C:\Users\darwin\.m2\repository\info\picocli\picocli\4.7.6\picocli-4.7.6.jar;C:\Users\darwin\.m2\repository\org\antlr\antlr4-runtime\4.13.2\antlr4-runtime-4.13.2.jar;C:\Users\darwin\.m2\repository\commons-beanutils\commons-beanutils\1.9.4\commons-beanutils-1.9.4.jar;C:\Users\darwin\.m2\repository\commons-logging\commons-logging\1.2\commons-logging-1.2.jar;C:\Users\darwin\.m2\repository\commons-collections\commons-collections\3.2.2\commons-collections-3.2.2.jar;C:\Users\darwin\.m2\repository\com\google\guava\guava\33.3.1-jre\guava-33.3.1-jre.jar;C:\Users\darwin\.m2\repository\com\google\guava\failureaccess\1.0.2\failureaccess-1.0.2.jar;C:\Users\darwin\.m2\repository\com\google\guava\listenablefuture\9999.0-empty-to-avoid-conflict-with-guava\listenablefuture-9999.0-empty-to-avoid-conflict-with-guava.jar;C:\Users\darwin\.m2\repository\com\google\code\findbugs\jsr305\3.0.2\jsr305-3.0.2.jar;C:\Users\darwin\.m2\repository\com\google\errorprone\error_prone_annotations\2.28.0\error_prone_annotations-2.28.0.jar;C:\Users\darwin\.m2\repository\com\google\j2objc\j2objc-annotations\3.0.0\j2objc-annotations-3.0.0.jar;C:\Users\darwin\.m2\repository\org\reflections\reflections\0.10.2\reflections-0.10.2.jar;C:\Users\darwin\.m2\repository\org\javassist\javassist\3.28.0-GA\javassist-3.28.0-GA.jar;C:\Users\darwin\.m2\repository\org\slf4j\slf4j-api\1.7.32\slf4j-api-1.7.32.jar;C:\Users\darwin\.m2\repository\net\sf\saxon\Saxon-HE\12.5\Saxon-HE-12.5.jar;C:\Users\darwin\.m2\repository\org\xmlresolver\xmlresolver\5.2.2\xmlresolver-5.2.2.jar;C:\Users\darwin\.m2\repository\org\apache\httpcomponents\client5\httpclient5\5.1.3\httpclient5-5.1.3.jar;C:\Users\darwin\.m2\repository\org\apache\httpcomponents\core5\httpcore5-h2\5.1.3\httpcore5-h2-5.1.3.jar;C:\Users\darwin\.m2\repository\commons-codec\commons-codec\1.15\commons-codec-1.15.jar;C:\Users\darwin\.m2\repository\org\apache\httpcomponents\core5\httpcore5\5.1.3\httpcore5-5.1.3.jar;C:\Users\darwin\.m2\repository\org\xmlresolver\xmlresolver\5.2.2\xmlresolver-5.2.2-data.jar;C:\Users\darwin\.m2\repository\org\checkerframework\checker-qual\3.48.2\checker-qual-3.48.2.jar;C:\Users\darwin\.m2\repository\org\apache\maven\doxia\doxia-core\1.12.0\doxia-core-1.12.0.jar;C:\Users\darwin\.m2\repository\org\apache\maven\doxia\doxia-sink-api\1.12.0\doxia-sink-api-1.12.0.jar;C:\Users\darwin\.m2\repository\org\apache\maven\doxia\doxia-logging-api\1.12.0\doxia-logging-api-1.12.0.jar;C:\Users\darwin\.m2\repository\org\codehaus\plexus\plexus-utils\3.3.0\plexus-utils-3.3.0.jar;C:\Users\darwin\.m2\repository\org\codehaus\plexus\plexus-container-default\2.1.0\plexus-container-default-2.1.0.jar;C:\Users\darwin\.m2\repository\org\codehaus\plexus\plexus-classworlds\2.6.0\plexus-classworlds-2.6.0.jar;C:\Users\darwin\.m2\repository\org\apache\xbean\xbean-reflect\3.7\xbean-reflect-3.7.jar;C:\Users\darwin\.m2\repository\org\codehaus\plexus\plexus-component-annotations\2.1.0\plexus-component-annotations-2.1.0.jar;C:\Users\darwin\.m2\repository\org\apache\commons\commons-lang3\3.8.1\commons-lang3-3.8.1.jar;C:\Users\darwin\.m2\repository\org\apache\commons\commons-text\1.3\commons-text-1.3.jar;C:\Users\darwin\.m2\repository\org\apache\httpcomponents\httpclient\4.5.13\httpclient-4.5.13.jar;C:\Users\darwin\.m2\repository\org\apache\httpcomponents\httpcore\4.4.14\httpcore-4.4.14.jar;C:\Users\darwin\.m2\repository\org\apache\maven\doxia\doxia-module-xdoc\1.12.0\doxia-module-xdoc-1.12.0.jar;"/>
    <property name="java.vm.vendor" value="Oracle Corporation"/>
    <property name="sun.arch.data.model" value="64"/>
    <property name="user.variant" value=""/>
    <property name="java.vendor.url" value="https://java.oracle.com/"/>
    <property name="user.timezone" value="America/Guayaquil"/>
    <property name="os.name" value="Windows 10"/>
    <property name="java.vm.specification.version" value="17"/>
    <property name="user.country" value="EC"/>
    <property name="sun.java.launcher" value="SUN_STANDARD"/>
    <property name="sun.boot.library.path" value="C:\Program Files\Java\jdk-17\bin"/>
    <property name="sun.java.command" value="C:\Users\darwin\AppData\Local\Temp\surefire12735190367670786888\surefirebooter-20241130195808621_3.jar C:\Users\darwin\AppData\Local\Temp\surefire12735190367670786888 2024-11-30T19-58-03_994-jvmRun1 surefire-20241130195808621_1tmp surefire_0-20241130195808621_2tmp"/>
    <property name="jdk.debug" value="release"/>
    <property name="surefire.test.class.path" value="C:\Users\darwin\Documents\NetBeansProjects\mySql-DZ1\target\test-classes;C:\Users\darwin\Documents\NetBeansProjects\mySql-DZ1\target\classes;C:\Users\darwin\.m2\repository\com\toedter\jcalendar\1.4\jcalendar-1.4.jar;C:\Users\darwin\.m2\repository\com\mysql\mysql-connector-j\9.1.0\mysql-connector-j-9.1.0.jar;C:\Users\darwin\.m2\repository\com\google\protobuf\protobuf-java\4.26.1\protobuf-java-4.26.1.jar;C:\Users\darwin\.m2\repository\junit\junit\4.13.2\junit-4.13.2.jar;C:\Users\darwin\.m2\repository\org\hamcrest\hamcrest-core\1.3\hamcrest-core-1.3.jar;C:\Users\darwin\.m2\repository\com\puppycrawl\tools\checkstyle\10.20.2\checkstyle-10.20.2.jar;C:\Users\darwin\.m2\repository\info\picocli\picocli\4.7.6\picocli-4.7.6.jar;C:\Users\darwin\.m2\repository\org\antlr\antlr4-runtime\4.13.2\antlr4-runtime-4.13.2.jar;C:\Users\darwin\.m2\repository\commons-beanutils\commons-beanutils\1.9.4\commons-beanutils-1.9.4.jar;C:\Users\darwin\.m2\repository\commons-logging\commons-logging\1.2\commons-logging-1.2.jar;C:\Users\darwin\.m2\repository\commons-collections\commons-collections\3.2.2\commons-collections-3.2.2.jar;C:\Users\darwin\.m2\repository\com\google\guava\guava\33.3.1-jre\guava-33.3.1-jre.jar;C:\Users\darwin\.m2\repository\com\google\guava\failureaccess\1.0.2\failureaccess-1.0.2.jar;C:\Users\darwin\.m2\repository\com\google\guava\listenablefuture\9999.0-empty-to-avoid-conflict-with-guava\listenablefuture-9999.0-empty-to-avoid-conflict-with-guava.jar;C:\Users\darwin\.m2\repository\com\google\code\findbugs\jsr305\3.0.2\jsr305-3.0.2.jar;C:\Users\darwin\.m2\repository\com\google\errorprone\error_prone_annotations\2.28.0\error_prone_annotations-2.28.0.jar;C:\Users\darwin\.m2\repository\com\google\j2objc\j2objc-annotations\3.0.0\j2objc-annotations-3.0.0.jar;C:\Users\darwin\.m2\repository\org\reflections\reflections\0.10.2\reflections-0.10.2.jar;C:\Users\darwin\.m2\repository\org\javassist\javassist\3.28.0-GA\javassist-3.28.0-GA.jar;C:\Users\darwin\.m2\repository\org\slf4j\slf4j-api\1.7.32\slf4j-api-1.7.32.jar;C:\Users\darwin\.m2\repository\net\sf\saxon\Saxon-HE\12.5\Saxon-HE-12.5.jar;C:\Users\darwin\.m2\repository\org\xmlresolver\xmlresolver\5.2.2\xmlresolver-5.2.2.jar;C:\Users\darwin\.m2\repository\org\apache\httpcomponents\client5\httpclient5\5.1.3\httpclient5-5.1.3.jar;C:\Users\darwin\.m2\repository\org\apache\httpcomponents\core5\httpcore5-h2\5.1.3\httpcore5-h2-5.1.3.jar;C:\Users\darwin\.m2\repository\commons-codec\commons-codec\1.15\commons-codec-1.15.jar;C:\Users\darwin\.m2\repository\org\apache\httpcomponents\core5\httpcore5\5.1.3\httpcore5-5.1.3.jar;C:\Users\darwin\.m2\repository\org\xmlresolver\xmlresolver\5.2.2\xmlresolver-5.2.2-data.jar;C:\Users\darwin\.m2\repository\org\checkerframework\checker-qual\3.48.2\checker-qual-3.48.2.jar;C:\Users\darwin\.m2\repository\org\apache\maven\doxia\doxia-core\1.12.0\doxia-core-1.12.0.jar;C:\Users\darwin\.m2\repository\org\apache\maven\doxia\doxia-sink-api\1.12.0\doxia-sink-api-1.12.0.jar;C:\Users\darwin\.m2\repository\org\apache\maven\doxia\doxia-logging-api\1.12.0\doxia-logging-api-1.12.0.jar;C:\Users\darwin\.m2\repository\org\codehaus\plexus\plexus-utils\3.3.0\plexus-utils-3.3.0.jar;C:\Users\darwin\.m2\repository\org\codehaus\plexus\plexus-container-default\2.1.0\plexus-container-default-2.1.0.jar;C:\Users\darwin\.m2\repository\org\codehaus\plexus\plexus-classworlds\2.6.0\plexus-classworlds-2.6.0.jar;C:\Users\darwin\.m2\repository\org\apache\xbean\xbean-reflect\3.7\xbean-reflect-3.7.jar;C:\Users\darwin\.m2\repository\org\codehaus\plexus\plexus-component-annotations\2.1.0\plexus-component-annotations-2.1.0.jar;C:\Users\darwin\.m2\repository\org\apache\commons\commons-lang3\3.8.1\commons-lang3-3.8.1.jar;C:\Users\darwin\.m2\repository\org\apache\commons\commons-text\1.3\commons-text-1.3.jar;C:\Users\darwin\.m2\repository\org\apache\httpcomponents\httpclient\4.5.13\httpclient-4.5.13.jar;C:\Users\darwin\.m2\repository\org\apache\httpcomponents\httpcore\4.4.14\httpcore-4.4.14.jar;C:\Users\darwin\.m2\repository\org\apache\maven\doxia\doxia-module-xdoc\1.12.0\doxia-module-xdoc-1.12.0.jar;"/>
    <property name="sun.cpu.endian" value="little"/>
    <property name="user.home" value="C:\Users\darwin"/>
    <property name="user.language" value="es"/>
    <property name="java.specification.vendor" value="Oracle Corporation"/>
    <property name="java.version.date" value="2023-01-17"/>
    <property name="java.home" value="C:\Program Files\Java\jdk-17"/>
    <property name="file.separator" value="\"/>
    <property name="basedir" value="C:\Users\darwin\Documents\NetBeansProjects\mySql-DZ1"/>
    <property name="java.vm.compressedOopsMode" value="32-bit"/>
    <property name="line.separator" value="&#10;"/>
    <property name="java.vm.specification.vendor" value="Oracle Corporation"/>
    <property name="java.specification.name" value="Java Platform API Specification"/>
    <property name="surefire.real.class.path" value="C:\Users\darwin\AppData\Local\Temp\surefire12735190367670786888\surefirebooter-20241130195808621_3.jar"/>
    <property name="user.script" value=""/>
    <property name="sun.management.compiler" value="HotSpot 64-Bit Tiered Compilers"/>
    <property name="java.runtime.version" value="17.0.6+9-LTS-190"/>
    <property name="user.name" value="darwin"/>
    <property name="path.separator" value=";"/>
    <property name="os.version" value="10.0"/>
    <property name="java.runtime.name" value="Java(TM) SE Runtime Environment"/>
    <property name="file.encoding" value="Cp1252"/>
    <property name="java.vm.name" value="Java HotSpot(TM) 64-Bit Server VM"/>
    <property name="maven.ext.class.path" value="C:\Program Files\NetBeans-23\netbeans\java\maven-nblib\netbeans-eventspy.jar"/>
    <property name="localRepository" value="C:\Users\darwin\.m2\repository"/>
    <property name="java.vendor.url.bug" value="https://bugreport.java.com/bugreport/"/>
    <property name="java.io.tmpdir" value="C:\Users\darwin\AppData\Local\Temp\"/>
    <property name="java.version" value="17.0.6"/>
    <property name="user.dir" value="C:\Users\darwin\Documents\NetBeansProjects\mySql-DZ1"/>
    <property name="os.arch" value="amd64"/>
    <property name="java.vm.specification.name" value="Java Virtual Machine Specification"/>
    <property name="sun.os.patch.level" value=""/>
    <property name="native.encoding" value="Cp1252"/>
    <property name="java.library.path" value="C:\Program Files\Java\jdk-17\bin;C:\WINDOWS\Sun\Java\bin;C:\WINDOWS\system32;C:\WINDOWS;C:\Program Files\Common Files\Oracle\Java\javapath;C:\WINDOWS\system32;C:\WINDOWS;C:\WINDOWS\System32\Wbem;C:\WINDOWS\System32\WindowsPowerShell\v1.0\;C:\WINDOWS\System32\OpenSSH\;C:\Program Files\nodejs\;C:\Program Files\Git\cmd;C:\Program Files (x86)\Microsoft SQL Server\160\DTS\Binn\;C:\Program Files (x86)\Microsoft SQL Server\160\Tools\Binn\;C:\Program Files\Microsoft SQL Server\160\Tools\Binn\;C:\Program Files\Microsoft SQL Server\Client SDK\ODBC\170\Tools\Binn\;C:\Program Files\Microsoft SQL Server\160\DTS\Binn\;C:\Program Files\dotnet\;C:\Users\darwin\AppData\Local\Microsoft\WindowsApps;C:\Users\darwin\AppData\Local\Programs\Microsoft VS Code\bin;C:\Users\darwin\AppData\Roaming\npm;C:\sqlite3;C:\flutter\flutter\bin;C:\Users\darwin\AppData\Local\Muse Hub\lib;."/>
    <property name="java.vm.info" value="mixed mode, sharing"/>
    <property name="java.vendor" value="Oracle Corporation"/>
    <property name="java.vm.version" value="17.0.6+9-LTS-190"/>
    <property name="sun.io.unicode.encoding" value="UnicodeLittle"/>
    <property name="java.class.version" value="61.0"/>
  </properties>
  <testcase name="testFormatNotValidate" classname="Controller.ControllerCustomerTest" time="1.068">
    <system-out><![CDATA[Not_Validate_Format
]]></system-out>
    <system-err><![CDATA[Loading class `com.mysql.jdbc.Driver'. This is deprecated. The new driver class is `com.mysql.cj.jdbc.Driver'. The driver is automatically registered via the SPI and manual loading of the driver class is generally unnecessary.
]]></system-err>
  </testcase>
  <testcase name="testValidateEmptyNotEmpty" classname="Controller.ControllerCustomerTest" time="21.203">
    <system-out><![CDATA[Not_Validate_Empty_Field
]]></system-out>
  </testcase>
  <testcase name="testValidateEmptyField" classname="Controller.ControllerCustomerTest" time="0.556">
    <system-out><![CDATA[Validate_Empty_Field
]]></system-out>
  </testcase>
  <testcase name="testErrorShowCustomer" classname="Controller.ControllerCustomerTest" time="0.387">
    <system-out><![CDATA[Error show customer
]]></system-out>
  </testcase>
  <testcase name="testShowCustomer" classname="Controller.ControllerCustomerTest" time="0.629">
    <system-out><![CDATA[showCustomer
]]></system-out>
  </testcase>
  <testcase name="testFormatValidate" classname="Controller.ControllerCustomerTest" time="2.279">
    <system-out><![CDATA[Validate_Format
]]></system-out>
  </testcase>
</testsuite>